TN:
SF:src/app.ts
FN:31,(anonymous_1)
FN:46,(anonymous_2)
FN:66,(anonymous_3)
FNF:3
FNH:2
FNDA:84,(anonymous_1)
FNDA:84,(anonymous_2)
FNDA:0,(anonymous_3)
DA:1,13
DA:2,13
DA:3,13
DA:4,13
DA:5,13
DA:6,13
DA:7,13
DA:8,13
DA:9,13
DA:12,13
DA:13,13
DA:14,13
DA:15,13
DA:16,13
DA:17,13
DA:18,13
DA:20,13
DA:23,13
DA:24,13
DA:25,13
DA:26,0
DA:29,13
DA:32,84
DA:33,84
DA:35,0
DA:41,13
DA:42,13
DA:45,13
DA:46,84
DA:48,13
DA:51,13
DA:54,13
DA:57,13
DA:58,13
DA:59,13
DA:60,13
DA:61,13
DA:62,13
DA:63,13
DA:66,13
DA:67,0
DA:74,13
DA:76,13
LF:43
LH:40
BRDA:25,0,0,0
BRDA:32,1,0,84
BRDA:32,1,1,0
BRDA:32,2,0,84
BRDA:32,2,1,0
BRF:5
BRH:2
end_of_record
TN:
SF:src/config/database.ts
FN:13,(anonymous_0)
FNF:1
FNH:0
FNDA:0,(anonymous_0)
DA:1,13
DA:2,13
DA:4,13
DA:13,13
DA:14,0
DA:15,0
DA:16,0
DA:18,0
DA:19,0
LF:9
LH:4
BRDA:10,0,0,0
BRDA:10,0,1,13
BRF:2
BRH:1
end_of_record
TN:
SF:src/config/env.ts
FNF:0
FNH:0
DA:1,16
DA:2,16
DA:3,16
DA:6,16
DA:8,16
DA:27,16
DA:28,16
DA:30,0
DA:31,0
DA:33,0
DA:35,0
DA:38,16
LF:12
LH:8
BRDA:30,0,0,0
BRDA:30,0,1,0
BRF:2
BRH:0
end_of_record
TN:
SF:src/config/gemini.ts
FNF:0
FNH:0
DA:1,14
DA:2,14
DA:4,14
LF:3
LH:3
BRDA:5,0,0,14
BRDA:5,0,1,0
BRF:2
BRH:1
end_of_record
TN:
SF:src/config/jwt.ts
FNF:0
FNH:0
DA:1,13
DA:3,13
LF:2
LH:2
BRF:0
BRH:0
end_of_record
TN:
SF:src/config/logger.ts
FN:28,(anonymous_1)
FNF:1
FNH:1
FNDA:165,(anonymous_1)
DA:1,16
DA:2,16
DA:3,16
DA:4,16
DA:6,16
DA:7,16
DA:8,16
DA:9,16
DA:11,0
DA:14,16
DA:21,16
DA:29,165
LF:12
LH:11
BRDA:22,0,0,0
BRDA:22,0,1,16
BRDA:29,1,0,21
BRDA:29,1,1,144
BRF:4
BRH:3
end_of_record
TN:
SF:src/config/mail.ts
FN:14,(anonymous_1)
FNF:1
FNH:1
FNDA:7,(anonymous_1)
DA:1,13
DA:2,13
DA:3,13
DA:5,13
DA:14,13
DA:15,7
DA:16,7
DA:21,7
DA:22,7
DA:23,7
DA:26,0
DA:32,0
DA:34,0
DA:36,0
DA:37,0
DA:38,0
DA:39,0
DA:41,0
LF:18
LH:10
BRDA:16,0,0,7
BRDA:17,1,0,7
BRDA:17,1,1,0
BRDA:17,1,2,0
BRDA:36,2,0,0
BRDA:36,3,0,0
BRDA:36,3,1,0
BRF:7
BRH:2
end_of_record
TN:
SF:src/config/openai.ts
FNF:0
FNH:0
DA:1,14
DA:2,14
DA:4,14
LF:3
LH:3
BRDA:5,0,0,14
BRDA:5,0,1,0
BRF:2
BRH:1
end_of_record
TN:
SF:src/controllers/auth.controller.ts
FN:11,(anonymous_10)
FN:42,(anonymous_11)
FN:79,(anonymous_12)
FN:120,(anonymous_13)
FN:131,(anonymous_14)
FN:156,(anonymous_15)
FN:177,(anonymous_16)
FN:208,(anonymous_17)
FN:208,(anonymous_18)
FN:219,(anonymous_19)
FNF:10
FNH:10
FNDA:4,(anonymous_10)
FNDA:2,(anonymous_11)
FNDA:6,(anonymous_12)
FNDA:1,(anonymous_13)
FNDA:1,(anonymous_14)
FNDA:3,(anonymous_15)
FNDA:2,(anonymous_16)
FNDA:1,(anonymous_17)
FNDA:1,(anonymous_18)
FNDA:2,(anonymous_19)
DA:2,13
DA:3,13
DA:4,13
DA:5,13
DA:6,13
DA:7,13
DA:8,13
DA:9,13
DA:11,13
DA:12,4
DA:13,4
DA:15,4
DA:16,4
DA:17,0
DA:20,4
DA:21,4
DA:30,4
DA:31,4
DA:33,4
DA:38,0
DA:42,13
DA:43,2
DA:44,2
DA:46,2
DA:47,2
DA:48,0
DA:51,2
DA:52,2
DA:53,0
DA:56,2
DA:57,2
DA:59,2
DA:61,2
DA:75,0
DA:79,13
DA:80,6
DA:81,6
DA:83,6
DA:84,6
DA:85,0
DA:88,6
DA:89,4
DA:92,2
DA:93,2
DA:94,0
DA:97,2
DA:98,2
DA:100,2
DA:102,2
DA:116,0
DA:120,13
DA:121,1
DA:122,1
DA:127,0
DA:131,13
DA:132,1
DA:133,1
DA:134,1
DA:136,1
DA:137,1
DA:138,0
DA:141,1
DA:142,1
DA:144,1
DA:152,0
DA:156,13
DA:157,3
DA:158,3
DA:160,3
DA:161,3
DA:162,1
DA:165,2
DA:166,2
DA:168,2
DA:173,0
DA:177,13
DA:178,2
DA:179,2
DA:180,2
DA:181,2
DA:182,1
DA:185,1
DA:186,1
DA:188,1
DA:196,1
DA:197,1
DA:198,1
DA:207,1
DA:208,1
DA:210,1
DA:215,0
DA:219,13
DA:220,2
DA:221,2
DA:222,2
DA:229,2
DA:230,1
DA:233,1
DA:234,1
DA:243,1
DA:245,1
DA:250,0
LF:102
LH:88
BRDA:16,0,0,0
BRDA:47,1,0,0
BRDA:52,2,0,0
BRDA:84,3,0,0
BRDA:88,4,0,4
BRDA:93,5,0,0
BRDA:137,6,0,0
BRDA:161,7,0,1
BRDA:181,8,0,1
BRDA:229,9,0,1
BRF:10
BRH:4
end_of_record
TN:
SF:src/controllers/database.controller.ts
FN:10,(anonymous_0)
FN:22,(anonymous_1)
FN:64,(anonymous_2)
FN:73,(anonymous_3)
FN:92,(anonymous_4)
FN:125,(anonymous_5)
FNF:6
FNH:3
FNDA:1,(anonymous_0)
FNDA:1,(anonymous_1)
FNDA:0,(anonymous_2)
FNDA:0,(anonymous_3)
FNDA:1,(anonymous_4)
FNDA:0,(anonymous_5)
DA:2,13
DA:4,13
DA:5,13
DA:6,13
DA:7,13
DA:8,13
DA:10,13
DA:11,1
DA:12,1
DA:13,1
DA:18,0
DA:22,13
DA:23,1
DA:24,1
DA:25,1
DA:28,1
DA:31,1
DA:33,1
DA:45,1
DA:47,1
DA:60,0
DA:64,13
DA:65,0
DA:66,0
DA:67,0
DA:73,0
DA:83,0
DA:88,0
DA:92,13
DA:93,1
DA:94,1
DA:95,1
DA:97,1
DA:101,1
DA:102,0
DA:105,1
DA:107,1
DA:116,1
DA:121,0
DA:125,13
DA:126,0
DA:127,0
DA:128,0
DA:130,0
DA:134,0
DA:135,0
DA:138,0
DA:142,0
DA:144,0
DA:149,0
LF:50
LH:30
BRDA:31,0,0,1
BRDA:31,0,1,0
BRDA:37,1,0,1
BRDA:37,1,1,0
BRDA:39,2,0,1
BRDA:39,2,1,0
BRDA:101,3,0,0
BRDA:134,4,0,0
BRF:8
BRH:3
end_of_record
TN:
SF:src/controllers/dataset.controller.ts
FN:12,(anonymous_1)
FN:35,(anonymous_2)
FN:53,(anonymous_3)
FN:96,(anonymous_4)
FNF:4
FNH:4
FNDA:5,(anonymous_1)
FNDA:2,(anonymous_2)
FNDA:3,(anonymous_3)
FNDA:2,(anonymous_4)
DA:2,13
DA:3,13
DA:4,13
DA:5,13
DA:7,13
DA:8,13
DA:9,13
DA:10,13
DA:12,13
DA:13,5
DA:14,5
DA:15,0
DA:17,5
DA:18,5
DA:19,5
DA:21,5
DA:23,5
DA:28,0
DA:29,0
DA:31,0
DA:35,13
DA:36,2
DA:37,2
DA:38,2
DA:44,2
DA:49,0
DA:53,13
DA:54,3
DA:55,3
DA:56,3
DA:58,3
DA:63,3
DA:64,1
DA:67,2
DA:68,2
DA:69,2
DA:70,2
DA:71,2
DA:72,2
DA:80,0
DA:84,2
DA:92,0
DA:96,13
DA:97,2
DA:98,2
DA:99,2
DA:101,2
DA:105,2
DA:106,0
DA:109,2
DA:110,2
DA:111,2
DA:114,2
DA:118,2
DA:120,2
DA:125,0
LF:56
LH:47
BRDA:14,0,0,0
BRDA:28,1,0,0
BRDA:28,2,0,0
BRDA:28,2,1,0
BRDA:63,3,0,1
BRDA:69,4,0,2
BRDA:105,5,0,0
BRDA:110,6,0,2
BRF:8
BRH:3
end_of_record
TN:
SF:src/controllers/export.controller.ts
FN:16,(anonymous_1)
FN:28,(anonymous_2)
FN:29,(anonymous_3)
FN:30,(anonymous_4)
FN:60,(anonymous_5)
FN:74,(anonymous_6)
FN:100,(anonymous_7)
FN:123,(anonymous_8)
FN:132,(anonymous_9)
FN:137,(anonymous_10)
FN:146,(anonymous_11)
FN:146,(anonymous_12)
FN:169,(anonymous_13)
FN:189,(anonymous_14)
FN:205,(anonymous_15)
FNF:15
FNH:15
FNDA:1,(anonymous_1)
FNDA:3,(anonymous_2)
FNDA:2,(anonymous_3)
FNDA:6,(anonymous_4)
FNDA:1,(anonymous_5)
FNDA:2,(anonymous_6)
FNDA:1,(anonymous_7)
FNDA:2,(anonymous_8)
FNDA:1,(anonymous_9)
FNDA:2,(anonymous_10)
FNDA:1,(anonymous_11)
FNDA:1,(anonymous_12)
FNDA:3,(anonymous_13)
FNDA:7,(anonymous_14)
FNDA:1,(anonymous_15)
DA:2,13
DA:3,13
DA:4,13
DA:5,13
DA:6,13
DA:8,13
DA:9,13
DA:11,13
DA:12,13
DA:13,0
DA:16,13
DA:17,1
DA:18,1
DA:19,1
DA:21,1
DA:22,0
DA:25,1
DA:26,1
DA:28,3
DA:29,1
DA:30,2
DA:31,6
DA:32,6
DA:35,1
DA:37,1
DA:39,1
DA:47,1
DA:49,1
DA:56,0
DA:60,13
DA:61,1
DA:62,1
DA:63,1
DA:65,1
DA:66,0
DA:69,1
DA:70,1
DA:72,1
DA:73,1
DA:74,2
DA:75,1
DA:77,1
DA:79,1
DA:87,1
DA:89,1
DA:96,0
DA:100,13
DA:101,1
DA:102,1
DA:103,1
DA:105,1
DA:106,0
DA:109,1
DA:110,1
DA:112,1
DA:113,1
DA:114,1
DA:116,1
DA:117,1
DA:119,1
DA:120,1
DA:122,1
DA:123,1
DA:124,2
DA:127,1
DA:128,1
DA:129,1
DA:130,1
DA:132,1
DA:133,1
DA:134,0
DA:135,0
DA:137,1
DA:138,2
DA:139,2
DA:141,1
DA:144,1
DA:146,1
DA:148,1
DA:156,1
DA:158,1
DA:165,0
DA:169,13
DA:170,3
DA:171,3
DA:172,3
DA:173,3
DA:174,3
DA:175,3
DA:176,3
DA:178,3
DA:179,3
DA:180,3
DA:187,3
DA:189,7
DA:201,0
DA:205,13
DA:206,1
DA:207,1
DA:208,1
DA:210,1
DA:211,0
DA:214,1
DA:216,0
DA:219,13
LF:105
LH:93
BRDA:12,0,0,0
BRDA:21,1,0,0
BRDA:21,2,0,1
BRDA:21,2,1,1
BRDA:31,3,0,0
BRDA:31,3,1,6
BRDA:31,4,0,6
BRDA:31,4,1,6
BRDA:65,5,0,0
BRDA:65,6,0,1
BRDA:65,6,1,1
BRDA:105,7,0,0
BRDA:105,8,0,1
BRDA:105,8,1,1
BRDA:133,9,0,0
BRDA:138,10,0,0
BRDA:138,10,1,2
BRDA:138,11,0,2
BRDA:138,11,1,2
BRDA:172,12,0,3
BRDA:172,12,1,2
BRDA:173,13,0,3
BRDA:173,13,1,2
BRDA:174,14,0,1
BRDA:174,14,1,2
BRDA:175,15,0,1
BRDA:175,15,1,2
BRDA:176,16,0,3
BRDA:176,16,1,2
BRDA:178,17,0,1
BRDA:178,17,1,2
BRDA:210,18,0,0
BRF:32
BRH:24
end_of_record
TN:
SF:src/controllers/history.controller.ts
FN:6,(anonymous_0)
FN:38,(anonymous_1)
FN:61,(anonymous_2)
FNF:3
FNH:3
FNDA:11,(anonymous_0)
FNDA:3,(anonymous_1)
FNDA:2,(anonymous_2)
DA:2,13
DA:4,13
DA:6,13
DA:7,11
DA:8,11
DA:9,11
DA:10,11
DA:11,11
DA:12,11
DA:14,11
DA:15,11
DA:23,11
DA:34,0
DA:38,13
DA:39,3
DA:40,3
DA:41,3
DA:43,3
DA:48,3
DA:49,2
DA:52,1
DA:57,0
DA:61,13
DA:62,2
DA:63,2
DA:64,2
DA:66,2
DA:70,2
DA:71,1
DA:74,1
DA:78,1
DA:83,0
LF:32
LH:29
BRDA:9,0,0,11
BRDA:9,0,1,9
BRDA:10,1,0,11
BRDA:10,1,1,6
BRDA:11,2,0,2
BRDA:11,2,1,9
BRDA:12,3,0,1
BRDA:12,3,1,10
BRDA:48,4,0,2
BRDA:70,5,0,1
BRF:10
BRH:10
end_of_record
TN:
SF:src/controllers/query.controller.ts
FN:14,(anonymous_0)
FN:33,(anonymous_1)
FN:76,(anonymous_2)
FN:91,(anonymous_3)
FN:110,(anonymous_4)
FN:160,(anonymous_5)
FNF:6
FNH:5
FNDA:6,(anonymous_0)
FNDA:23,(anonymous_1)
FNDA:15,(anonymous_2)
FNDA:2,(anonymous_3)
FNDA:6,(anonymous_4)
FNDA:0,(anonymous_5)
DA:2,13
DA:4,13
DA:5,13
DA:6,13
DA:7,13
DA:8,13
DA:9,13
DA:10,13
DA:11,13
DA:12,13
DA:14,13
DA:15,6
DA:16,6
DA:17,6
DA:19,6
DA:20,6
DA:22,6
DA:23,6
DA:27,6
DA:29,5
DA:33,23
DA:42,5
DA:43,0
DA:44,0
DA:47,0
DA:49,0
DA:50,0
DA:58,0
DA:61,5
DA:62,5
DA:67,5
DA:76,15
DA:82,5
DA:87,0
DA:91,13
DA:92,2
DA:93,2
DA:95,2
DA:98,2
DA:99,2
DA:100,2
DA:104,2
DA:106,2
DA:110,6
DA:120,2
DA:121,1
DA:122,0
DA:123,0
DA:126,0
DA:128,0
DA:129,0
DA:138,0
DA:139,0
DA:140,0
DA:143,1
DA:144,0
DA:147,1
DA:150,1
DA:160,0
DA:168,1
DA:170,1
DA:175,1
DA:176,1
DA:188,0
DA:190,1
LF:65
LH:47
BRDA:22,0,0,6
BRDA:22,0,1,0
BRDA:27,1,0,1
BRDA:43,2,0,0
BRDA:47,3,0,0
BRDA:99,4,0,2
BRDA:99,4,1,0
BRDA:104,5,0,0
BRDA:122,6,0,0
BRDA:126,7,0,0
BRDA:143,8,0,0
BRDA:147,9,0,1
BRDA:147,9,1,0
BRDA:153,10,0,1
BRDA:153,10,1,0
BRDA:158,11,0,0
BRDA:158,11,1,1
BRDA:179,12,0,1
BRDA:179,12,1,1
BRF:19
BRH:8
end_of_record
TN:
SF:src/controllers/user.controller.ts
FN:6,(anonymous_0)
FN:32,(anonymous_1)
FNF:2
FNH:2
FNDA:1,(anonymous_0)
FNDA:1,(anonymous_1)
DA:2,13
DA:4,13
DA:6,13
DA:7,1
DA:8,1
DA:9,1
DA:13,1
DA:14,0
DA:17,1
DA:28,0
DA:32,13
DA:33,1
DA:34,1
DA:35,1
DA:37,1
DA:42,1
DA:52,0
LF:17
LH:14
BRDA:13,0,0,0
BRF:1
BRH:0
end_of_record
TN:
SF:src/middleware/auth.middleware.ts
FN:13,(anonymous_1)
FNF:1
FNH:1
FNDA:54,(anonymous_1)
DA:2,13
DA:3,13
DA:4,13
DA:13,13
DA:18,54
DA:19,54
DA:20,6
DA:23,48
DA:24,48
DA:25,48
DA:26,47
DA:27,47
DA:29,1
DA:30,0
DA:32,1
LF:15
LH:14
BRDA:19,0,0,6
BRDA:19,1,0,54
BRDA:19,1,1,48
BRDA:29,2,0,0
BRF:4
BRH:3
end_of_record
TN:
SF:src/middleware/error.middleware.ts
FN:6,(anonymous_0)
FN:16,(anonymous_1)
FN:32,(anonymous_2)
FNF:3
FNH:3
FNDA:20,(anonymous_0)
FNDA:21,(anonymous_1)
FNDA:1,(anonymous_2)
DA:2,15
DA:3,15
DA:5,15
DA:7,20
DA:10,20
DA:11,20
DA:12,20
DA:16,15
DA:22,21
DA:24,21
DA:25,21
DA:27,21
DA:28,20
DA:29,20
DA:30,1
DA:31,1
DA:32,1
DA:33,0
DA:34,0
DA:35,0
DA:36,0
DA:37,0
DA:38,0
DA:39,0
DA:40,0
DA:41,0
DA:44,21
LF:27
LH:18
BRDA:27,0,0,20
BRDA:27,0,1,1
BRDA:30,1,0,1
BRDA:30,1,1,0
BRDA:33,2,0,0
BRDA:33,2,1,0
BRDA:36,3,0,0
BRDA:36,3,1,0
BRDA:39,4,0,0
BRDA:39,5,0,0
BRDA:39,5,1,0
BRF:11
BRH:3
end_of_record
TN:
SF:src/middleware/rate-limit.middleware.ts
FNF:0
FNH:0
DA:1,13
DA:2,13
DA:4,13
DA:15,13
LF:4
LH:4
BRDA:6,0,0,13
BRDA:6,0,1,0
BRF:2
BRH:1
end_of_record
TN:
SF:src/middleware/upload.middleware.ts
FN:14,(anonymous_1)
FN:17,(anonymous_2)
FN:23,(anonymous_3)
FNF:3
FNH:3
FNDA:5,(anonymous_1)
FNDA:5,(anonymous_2)
FNDA:5,(anonymous_3)
DA:1,14
DA:2,14
DA:3,14
DA:4,14
DA:6,14
DA:9,14
DA:10,0
DA:13,14
DA:15,5
DA:18,5
DA:19,5
DA:23,14
DA:24,5
DA:26,5
DA:27,0
DA:29,5
DA:32,14
DA:39,14
LF:18
LH:16
BRDA:9,0,0,0
BRDA:26,1,0,0
BRDA:26,2,0,5
BRDA:26,2,1,0
BRDA:26,2,2,0
BRF:5
BRH:1
end_of_record
TN:
SF:src/middleware/validate.middleware.ts
FN:4,(anonymous_0)
FN:5,(anonymous_1)
FNF:2
FNH:2
FNDA:143,(anonymous_0)
FNDA:31,(anonymous_1)
DA:4,13
DA:5,143
DA:6,31
DA:7,31
DA:8,30
DA:10,1
LF:6
LH:6
BRF:0
BRH:0
end_of_record
TN:
SF:src/routes/auth.routes.ts
FNF:0
FNH:0
DA:1,13
DA:2,13
DA:12,13
DA:13,13
DA:22,13
DA:24,13
DA:26,13
DA:27,13
DA:28,13
DA:29,13
DA:30,13
DA:31,13
DA:32,13
DA:33,13
DA:35,13
LF:15
LH:15
BRF:0
BRH:0
end_of_record
TN:
SF:src/routes/database.routes.ts
FNF:0
FNH:0
DA:1,13
DA:2,13
DA:3,13
DA:4,13
DA:5,13
DA:7,13
DA:10,13
DA:12,13
DA:13,13
DA:14,13
DA:15,13
DA:16,13
DA:18,13
LF:13
LH:13
BRF:0
BRH:0
end_of_record
TN:
SF:src/routes/dataset.routes.ts
FNF:0
FNH:0
DA:1,13
DA:2,13
DA:3,13
DA:4,13
DA:6,13
DA:9,13
DA:11,13
DA:12,13
DA:13,13
DA:14,13
DA:16,13
LF:11
LH:11
BRF:0
BRH:0
end_of_record
TN:
SF:src/routes/export.routes.ts
FNF:0
FNH:0
DA:1,13
DA:2,13
DA:3,13
DA:5,13
DA:8,13
DA:9,13
DA:10,13
DA:11,13
DA:14,13
DA:16,13
LF:10
LH:10
BRF:0
BRH:0
end_of_record
TN:
SF:src/routes/history.routes.ts
FNF:0
FNH:0
DA:1,13
DA:2,13
DA:3,13
DA:5,13
DA:8,13
DA:10,13
DA:11,13
DA:12,13
DA:14,13
LF:9
LH:9
BRF:0
BRH:0
end_of_record
TN:
SF:src/routes/query.routes.ts
FNF:0
FNH:0
DA:1,13
DA:2,13
DA:3,13
DA:4,13
DA:5,13
DA:6,13
DA:8,13
DA:11,13
DA:13,13
DA:14,13
DA:15,13
DA:17,13
LF:12
LH:12
BRF:0
BRH:0
end_of_record
TN:
SF:src/routes/user.routes.ts
FNF:0
FNH:0
DA:1,13
DA:2,13
DA:3,13
DA:5,13
DA:8,13
DA:10,13
DA:11,13
DA:13,13
LF:8
LH:8
BRF:0
BRH:0
end_of_record
TN:
SF:src/services/ai-suggestion.service.ts
FN:14,(anonymous_0)
FN:17,(anonymous_1)
FN:20,(anonymous_2)
FN:36,(anonymous_3)
FN:37,(anonymous_4)
FN:39,(anonymous_5)
FN:40,(anonymous_6)
FN:42,(anonymous_7)
FN:56,(anonymous_8)
FN:60,(anonymous_9)
FN:61,(anonymous_10)
FN:64,(anonymous_11)
FN:67,(anonymous_12)
FN:104,(anonymous_13)
FN:124,(anonymous_14)
FN:130,(anonymous_15)
FN:132,(anonymous_16)
FN:139,(anonymous_17)
FN:175,(anonymous_18)
FN:183,(anonymous_19)
FN:202,(anonymous_20)
FN:223,(anonymous_21)
FNF:22
FNH:20
FNDA:52,(anonymous_0)
FNDA:53,(anonymous_1)
FNDA:17,(anonymous_2)
FNDA:42,(anonymous_3)
FNDA:42,(anonymous_4)
FNDA:11,(anonymous_5)
FNDA:29,(anonymous_6)
FNDA:11,(anonymous_7)
FNDA:11,(anonymous_8)
FNDA:33,(anonymous_9)
FNDA:51,(anonymous_10)
FNDA:42,(anonymous_11)
FNDA:22,(anonymous_12)
FNDA:5,(anonymous_13)
FNDA:5,(anonymous_14)
FNDA:5,(anonymous_15)
FNDA:23,(anonymous_16)
FNDA:0,(anonymous_17)
FNDA:0,(anonymous_18)
FNDA:5,(anonymous_19)
FNDA:5,(anonymous_20)
FNDA:5,(anonymous_21)
DA:1,14
DA:2,14
DA:3,14
DA:4,14
DA:14,14
DA:15,52
DA:17,14
DA:18,53
DA:20,14
DA:21,17
DA:22,17
DA:24,17
DA:25,53
DA:26,52
DA:27,52
DA:28,51
DA:29,51
DA:30,51
DA:33,17
DA:36,14
DA:37,42
DA:39,14
DA:40,29
DA:42,14
DA:46,11
DA:47,0
DA:54,11
DA:56,11
DA:57,11
DA:58,11
DA:60,33
DA:61,11
DA:62,51
DA:64,11
DA:65,42
DA:67,22
DA:69,11
DA:70,11
DA:71,11
DA:72,11
DA:75,11
DA:76,9
DA:77,9
DA:78,9
DA:81,11
DA:82,0
DA:83,0
DA:86,11
DA:87,0
DA:88,0
DA:93,11
DA:94,11
DA:97,11
DA:98,11
DA:99,11
DA:101,11
DA:104,14
DA:109,5
DA:114,5
DA:115,0
DA:116,0
DA:117,0
DA:118,0
DA:121,5
DA:124,14
DA:129,5
DA:131,5
DA:132,23
DA:134,5
DA:138,5
DA:139,0
DA:142,5
DA:175,14
DA:176,0
DA:177,0
DA:178,0
DA:180,0
DA:183,14
DA:184,5
DA:185,5
DA:188,0
DA:194,0
DA:195,0
DA:196,0
DA:199,0
DA:202,14
DA:203,5
DA:204,5
DA:207,0
DA:214,0
DA:215,0
DA:216,0
DA:217,0
DA:220,0
DA:223,14
DA:228,5
DA:230,5
DA:231,5
DA:232,0
DA:233,0
DA:234,0
DA:235,0
DA:238,5
DA:241,5
DA:242,5
DA:243,0
DA:244,0
DA:245,0
DA:246,0
DA:249,5
DA:252,5
DA:257,5
DA:258,5
LF:113
LH:80
BRDA:25,0,0,1
BRDA:25,1,0,53
BRDA:25,1,1,53
BRDA:27,2,0,1
BRDA:27,3,0,52
BRDA:27,3,1,52
BRDA:30,4,0,17
BRDA:46,5,0,0
BRDA:56,6,0,11
BRDA:56,6,1,10
BRDA:69,7,0,11
BRDA:71,8,0,9
BRDA:71,8,1,2
BRDA:75,9,0,9
BRDA:81,10,0,0
BRDA:81,11,0,11
BRDA:81,11,1,9
BRDA:86,12,0,0
BRDA:93,13,0,11
BRDA:115,14,0,0
BRDA:115,14,1,0
BRDA:117,15,0,0
BRDA:118,16,0,0
BRDA:118,16,1,0
BRDA:132,17,0,0
BRDA:132,17,1,23
BRDA:151,18,0,5
BRDA:151,18,1,0
BRDA:153,19,0,0
BRDA:153,19,1,5
BRDA:177,20,0,0
BRDA:177,21,0,0
BRDA:177,21,1,0
BRDA:184,22,0,5
BRDA:195,23,0,0
BRDA:203,24,0,5
BRDA:216,25,0,0
BRDA:232,26,0,0
BRDA:243,27,0,0
BRF:39
BRH:21
end_of_record
TN:
SF:src/services/audit.service.ts
FN:4,(anonymous_0)
FNF:1
FNH:1
FNDA:24,(anonymous_0)
DA:1,13
DA:2,13
DA:4,13
DA:9,24
DA:10,24
DA:18,0
LF:6
LH:5
BRDA:14,0,0,24
BRDA:14,0,1,0
BRF:2
BRH:1
end_of_record
TN:
SF:src/services/auth.service.ts
FN:4,(anonymous_1)
FN:16,(anonymous_2)
FN:28,(anonymous_3)
FNF:3
FNH:3
FNDA:14,(anonymous_1)
FNDA:5,(anonymous_2)
FNDA:1,(anonymous_3)
DA:1,13
DA:2,13
DA:4,13
DA:5,14
DA:9,14
DA:16,13
DA:17,5
DA:21,5
DA:28,13
DA:29,1
LF:10
LH:10
BRF:0
BRH:0
end_of_record
TN:
SF:src/services/database.service.ts
FN:16,(anonymous_1)
FN:40,(anonymous_2)
FN:57,(anonymous_3)
FN:58,(anonymous_4)
FN:77,(anonymous_5)
FN:90,(anonymous_6)
FN:91,(anonymous_7)
FN:96,(anonymous_8)
FN:100,(anonymous_9)
FN:113,(anonymous_10)
FNF:10
FNH:2
FNDA:2,(anonymous_1)
FNDA:0,(anonymous_2)
FNDA:0,(anonymous_3)
FNDA:0,(anonymous_4)
FNDA:0,(anonymous_5)
FNDA:0,(anonymous_6)
FNDA:0,(anonymous_7)
FNDA:0,(anonymous_8)
FNDA:0,(anonymous_9)
FNDA:2,(anonymous_10)
DA:1,13
DA:2,13
DA:3,13
DA:4,13
DA:5,13
DA:16,13
DA:17,2
DA:26,2
DA:27,2
DA:28,2
DA:30,0
DA:32,2
DA:33,2
DA:40,13
DA:41,0
DA:42,0
DA:50,0
DA:51,0
DA:53,0
DA:57,13
DA:58,0
DA:59,0
DA:77,0
DA:78,0
DA:79,0
DA:81,0
DA:82,0
DA:86,0
DA:90,13
DA:91,0
DA:92,0
DA:93,0
DA:97,0
DA:98,0
DA:100,0
DA:101,0
DA:102,0
DA:104,0
DA:113,13
DA:114,2
DA:116,2
DA:117,2
DA:119,0
DA:120,0
DA:122,0
DA:123,0
DA:125,0
DA:126,0
DA:128,0
LF:49
LH:19
BRDA:18,0,0,2
BRDA:18,0,1,0
BRDA:19,1,0,2
BRDA:19,1,1,0
BRDA:20,2,0,2
BRDA:20,2,1,0
BRDA:21,3,0,2
BRDA:21,3,1,0
BRDA:43,4,0,0
BRDA:43,4,1,0
BRDA:44,5,0,0
BRDA:44,5,1,0
BRDA:45,6,0,0
BRDA:45,6,1,0
BRDA:46,7,0,0
BRDA:46,7,1,0
BRDA:60,8,0,0
BRDA:60,8,1,0
BRDA:64,9,0,0
BRDA:64,9,1,0
BRDA:65,10,0,0
BRDA:65,10,1,0
BRDA:69,11,0,0
BRDA:69,11,1,0
BRDA:78,12,0,0
BRDA:78,12,1,0
BRDA:97,13,0,0
BRDA:97,13,1,0
BRDA:101,14,0,0
BRDA:101,14,1,0
BRDA:114,15,0,2
BRDA:114,15,1,0
BRDA:114,15,2,0
BRDA:114,15,3,0
BRDA:114,15,4,0
BRF:35
BRH:5
end_of_record
TN:
SF:src/services/dataset.service.ts
FN:15,(anonymous_1)
FN:44,(anonymous_2)
FN:47,(anonymous_3)
FN:48,(anonymous_4)
FN:52,(anonymous_5)
FN:53,(anonymous_6)
FN:54,(anonymous_7)
FN:57,(anonymous_8)
FN:90,(anonymous_9)
FN:94,(anonymous_10)
FN:106,(anonymous_11)
FNF:11
FNH:11
FNDA:5,(anonymous_1)
FNDA:18,(anonymous_2)
FNDA:45,(anonymous_3)
FNDA:45,(anonymous_4)
FNDA:32,(anonymous_5)
FNDA:8,(anonymous_6)
FNDA:22,(anonymous_7)
FNDA:20,(anonymous_8)
FNDA:5,(anonymous_9)
FNDA:5,(anonymous_10)
FNDA:18,(anonymous_11)
DA:1,13
DA:2,13
DA:3,13
DA:4,13
DA:5,13
DA:15,13
DA:16,5
DA:17,0
DA:20,5
DA:21,5
DA:22,0
DA:26,5
DA:27,5
DA:33,0
DA:36,5
DA:37,0
DA:40,5
DA:41,5
DA:42,5
DA:44,5
DA:45,18
DA:47,45
DA:48,45
DA:50,18
DA:51,18
DA:52,32
DA:53,18
DA:54,22
DA:57,18
DA:58,20
DA:59,20
DA:62,18
DA:63,10
DA:64,8
DA:65,0
DA:66,8
DA:67,0
DA:68,8
DA:69,1
DA:73,18
DA:79,5
DA:81,5
DA:90,13
DA:94,5
DA:95,5
DA:105,5
DA:106,18
DA:113,5
LF:48
LH:42
BRDA:16,0,0,0
BRDA:21,1,0,0
BRDA:36,2,0,0
BRDA:48,3,0,45
BRDA:48,3,1,45
BRDA:48,3,2,45
BRDA:51,4,0,18
BRDA:53,5,0,18
BRDA:53,5,1,8
BRDA:53,6,0,8
BRDA:53,6,1,8
BRDA:59,7,0,20
BRDA:59,7,1,13
BRDA:59,7,2,3
BRDA:62,8,0,10
BRDA:62,8,1,8
BRDA:64,9,0,0
BRDA:64,9,1,8
BRDA:66,10,0,0
BRDA:66,10,1,8
BRDA:68,11,0,1
BRF:21
BRH:16
end_of_record
TN:
SF:src/services/otp.service.ts
FN:5,(anonymous_0)
FN:9,(anonymous_1)
FN:42,(anonymous_2)
FNF:3
FNH:3
FNDA:6,(anonymous_0)
FNDA:6,(anonymous_1)
FNDA:2,(anonymous_2)
DA:1,13
DA:2,13
DA:3,13
DA:5,13
DA:6,6
DA:9,13
DA:10,6
DA:11,6
DA:14,6
DA:18,6
DA:26,6
DA:27,6
DA:38,6
DA:39,6
DA:42,13
DA:43,2
DA:46,2
DA:48,2
DA:57,2
DA:60,2
DA:66,2
DA:71,2
LF:22
LH:22
BRDA:46,0,0,0
BRDA:57,1,0,0
BRF:2
BRH:0
end_of_record
TN:
SF:src/services/schema.service.ts
FN:32,(anonymous_1)
FN:69,(anonymous_2)
FN:92,(anonymous_3)
FN:108,(anonymous_4)
FN:113,(anonymous_5)
FN:133,(anonymous_6)
FN:172,(anonymous_7)
FN:188,(anonymous_8)
FN:193,(anonymous_9)
FN:207,(anonymous_10)
FN:208,(anonymous_11)
FN:209,(anonymous_12)
FN:214,(anonymous_13)
FN:228,(anonymous_14)
FN:229,(anonymous_15)
FN:233,(anonymous_16)
FN:246,(anonymous_17)
FN:247,(anonymous_18)
FN:251,(anonymous_19)
FN:276,(anonymous_20)
FN:277,(anonymous_21)
FN:302,(anonymous_22)
FN:303,(anonymous_23)
FN:311,(anonymous_24)
FN:317,(anonymous_25)
FN:319,(anonymous_26)
FN:339,(anonymous_27)
FN:340,(anonymous_28)
FN:350,(anonymous_29)
FN:356,(anonymous_30)
FN:358,(anonymous_31)
FN:368,(anonymous_32)
FN:369,(anonymous_33)
FN:384,(anonymous_34)
FN:390,(anonymous_35)
FN:392,(anonymous_36)
FN:407,(anonymous_37)
FN:418,(anonymous_38)
FN:420,(anonymous_39)
FN:438,(anonymous_40)
FNF:40
FNH:26
FNDA:1,(anonymous_1)
FNDA:10,(anonymous_2)
FNDA:64,(anonymous_3)
FNDA:10,(anonymous_4)
FNDA:8,(anonymous_5)
FNDA:0,(anonymous_6)
FNDA:0,(anonymous_7)
FNDA:0,(anonymous_8)
FNDA:0,(anonymous_9)
FNDA:0,(anonymous_10)
FNDA:0,(anonymous_11)
FNDA:0,(anonymous_12)
FNDA:0,(anonymous_13)
FNDA:0,(anonymous_14)
FNDA:0,(anonymous_15)
FNDA:0,(anonymous_16)
FNDA:0,(anonymous_17)
FNDA:0,(anonymous_18)
FNDA:0,(anonymous_19)
FNDA:1,(anonymous_20)
FNDA:1,(anonymous_21)
FNDA:1,(anonymous_22)
FNDA:1,(anonymous_23)
FNDA:1,(anonymous_24)
FNDA:2,(anonymous_25)
FNDA:6,(anonymous_26)
FNDA:1,(anonymous_27)
FNDA:1,(anonymous_28)
FNDA:1,(anonymous_29)
FNDA:1,(anonymous_30)
FNDA:2,(anonymous_31)
FNDA:1,(anonymous_32)
FNDA:1,(anonymous_33)
FNDA:1,(anonymous_34)
FNDA:1,(anonymous_35)
FNDA:4,(anonymous_36)
FNDA:1,(anonymous_37)
FNDA:1,(anonymous_38)
FNDA:2,(anonymous_39)
FNDA:2,(anonymous_40)
DA:1,14
DA:2,14
DA:3,14
DA:4,14
DA:6,14
DA:32,14
DA:33,1
DA:41,1
DA:42,1
DA:45,1
DA:54,1
DA:57,1
DA:68,1
DA:69,10
DA:72,1
DA:88,1
DA:91,1
DA:92,1
DA:93,64
DA:94,64
DA:95,64
DA:96,64
DA:98,64
DA:99,10
DA:101,64
DA:108,10
DA:113,8
DA:120,1
DA:122,0
DA:124,1
DA:125,1
DA:127,0
DA:133,14
DA:134,0
DA:135,0
DA:144,0
DA:154,0
DA:157,0
DA:167,0
DA:169,0
DA:171,0
DA:172,0
DA:173,0
DA:174,0
DA:175,0
DA:176,0
DA:178,0
DA:179,0
DA:181,0
DA:188,0
DA:193,0
DA:200,0
DA:202,0
DA:207,14
DA:208,0
DA:209,0
DA:210,0
DA:211,0
DA:214,0
DA:215,0
DA:216,0
DA:217,0
DA:220,0
DA:221,0
DA:222,0
DA:224,0
DA:225,0
DA:228,0
DA:229,0
DA:230,0
DA:232,0
DA:233,0
DA:243,0
DA:246,0
DA:247,0
DA:248,0
DA:250,0
DA:251,0
DA:262,0
DA:265,0
DA:266,0
DA:268,0
DA:269,0
DA:276,14
DA:277,1
DA:278,1
DA:298,1
DA:299,1
DA:300,1
DA:302,1
DA:303,1
DA:304,1
DA:311,1
DA:312,1
DA:313,1
DA:316,1
DA:317,1
DA:318,2
DA:319,2
DA:320,6
DA:322,2
DA:323,2
DA:324,2
DA:325,2
DA:326,1
DA:328,2
DA:335,1
DA:339,1
DA:340,1
DA:341,1
DA:350,1
DA:351,1
DA:352,1
DA:355,1
DA:356,1
DA:357,1
DA:358,1
DA:359,2
DA:361,1
DA:364,1
DA:368,1
DA:369,1
DA:370,1
DA:384,1
DA:385,1
DA:386,1
DA:389,1
DA:390,1
DA:391,1
DA:392,1
DA:393,4
DA:395,1
DA:403,1
DA:407,1
DA:408,1
DA:409,0
DA:410,0
DA:413,1
DA:414,1
DA:415,1
DA:416,1
DA:418,1
DA:420,2
DA:426,1
DA:427,1
DA:429,0
DA:430,0
DA:434,1
DA:438,14
DA:439,2
DA:441,1
DA:443,0
DA:445,0
DA:447,1
DA:449,0
LF:155
LH:97
BRDA:34,0,0,1
BRDA:34,0,1,0
BRDA:35,1,0,1
BRDA:35,1,1,0
BRDA:36,2,0,1
BRDA:36,2,1,0
BRDA:37,3,0,1
BRDA:37,3,1,0
BRDA:98,4,0,10
BRDA:136,5,0,0
BRDA:136,5,1,0
BRDA:137,6,0,0
BRDA:137,6,1,0
BRDA:138,7,0,0
BRDA:138,7,1,0
BRDA:139,8,0,0
BRDA:139,8,1,0
BRDA:178,9,0,0
BRDA:210,10,0,0
BRDA:215,11,0,0
BRDA:230,12,0,0
BRDA:230,12,1,0
BRDA:235,13,0,0
BRDA:235,13,1,0
BRDA:248,14,0,0
BRDA:248,14,1,0
BRDA:279,15,0,1
BRDA:279,15,1,0
BRDA:283,16,0,1
BRDA:283,16,1,0
BRDA:284,17,0,1
BRDA:284,17,1,0
BRDA:288,18,0,1
BRDA:288,18,1,0
BRDA:312,19,0,0
BRDA:325,20,0,1
BRDA:330,21,0,2
BRDA:330,21,1,0
BRDA:351,22,0,0
BRDA:385,23,0,0
BRDA:408,24,0,0
BRDA:439,25,0,1
BRDA:439,25,1,0
BRDA:439,25,2,0
BRDA:439,25,3,1
BRDA:439,25,4,0
BRF:46
BRH:13
end_of_record
TN:
SF:src/services/ai/explanation.service.ts
FN:6,(anonymous_0)
FNF:1
FNH:1
FNDA:1,(anonymous_0)
DA:1,13
DA:2,13
DA:3,13
DA:4,13
DA:6,13
DA:7,1
DA:13,1
DA:14,0
DA:15,0
DA:19,0
DA:21,0
DA:25,1
DA:26,0
DA:27,0
DA:28,0
DA:29,0
DA:31,0
DA:36,1
DA:37,0
DA:39,1
DA:40,0
DA:42,1
LF:22
LH:11
BRDA:13,0,0,0
BRDA:19,1,0,0
BRDA:19,1,1,0
BRDA:25,2,0,0
BRDA:29,3,0,0
BRDA:29,3,1,0
BRDA:36,4,0,0
BRDA:39,5,0,0
BRF:8
BRH:0
end_of_record
TN:
SF:src/services/ai/gemini.service.ts
FN:6,(anonymous_0)
FNF:1
FNH:1
FNDA:5,(anonymous_0)
DA:1,13
DA:2,13
DA:3,13
DA:6,13
DA:7,5
DA:8,5
DA:11,0
DA:12,0
DA:19,0
DA:20,0
DA:21,0
DA:22,0
DA:25,0
DA:27,0
DA:28,0
LF:15
LH:6
BRDA:7,0,0,5
BRDA:21,1,0,0
BRF:2
BRH:1
end_of_record
TN:
SF:src/services/ai/openai.service.ts
FN:10,(anonymous_0)
FNF:1
FNH:1
FNDA:5,(anonymous_0)
DA:1,13
DA:2,13
DA:3,13
DA:10,13
DA:11,5
DA:12,5
DA:15,0
DA:16,0
DA:22,0
DA:23,0
DA:24,0
DA:27,0
DA:29,0
DA:30,0
LF:14
LH:6
BRDA:11,0,0,5
BRDA:23,1,0,0
BRF:2
BRH:1
end_of_record
TN:
SF:src/services/ai/prompt-builder.service.ts
FN:3,(anonymous_0)
FN:9,(anonymous_1)
FN:11,(anonymous_2)
FN:18,(anonymous_3)
FNF:4
FNH:3
FNDA:5,(anonymous_0)
FNDA:5,(anonymous_1)
FNDA:23,(anonymous_2)
FNDA:0,(anonymous_3)
DA:3,13
DA:8,5
DA:10,5
DA:11,23
DA:13,5
DA:17,5
DA:18,0
DA:21,5
LF:8
LH:7
BRDA:11,0,0,0
BRDA:11,0,1,23
BRDA:27,1,0,0
BRDA:27,1,1,5
BRF:4
BRH:2
end_of_record
TN:
SF:src/services/ai/sql-generator.service.ts
FN:15,(anonymous_0)
FN:37,(anonymous_1)
FN:38,(anonymous_2)
FN:39,(anonymous_3)
FN:58,(anonymous_4)
FN:70,(anonymous_5)
FNF:6
FNH:6
FNDA:5,(anonymous_0)
FNDA:5,(anonymous_1)
FNDA:23,(anonymous_2)
FNDA:23,(anonymous_3)
FNDA:6,(anonymous_4)
FNDA:5,(anonymous_5)
DA:2,13
DA:3,13
DA:4,13
DA:5,13
DA:6,13
DA:15,13
DA:20,5
DA:22,5
DA:23,0
DA:29,5
DA:30,5
DA:31,5
DA:32,0
DA:33,0
DA:37,5
DA:38,23
DA:39,23
DA:41,5
DA:42,5
DA:44,5
DA:45,0
DA:46,0
DA:47,5
DA:48,0
DA:49,0
DA:50,5
DA:57,2
DA:59,6
DA:63,2
DA:64,2
DA:67,5
DA:70,13
DA:75,5
DA:78,5
DA:79,5
DA:80,5
DA:82,5
DA:84,5
DA:85,5
DA:86,5
DA:88,5
DA:89,5
DA:93,5
DA:95,5
LF:44
LH:37
BRDA:22,0,0,0
BRDA:31,1,0,0
BRDA:39,2,0,5
BRDA:39,2,1,5
BRDA:39,2,2,0
BRDA:44,3,0,0
BRDA:44,3,1,5
BRDA:44,4,0,5
BRDA:44,4,1,5
BRDA:44,4,2,5
BRDA:47,5,0,0
BRDA:47,5,1,5
BRDA:47,6,0,5
BRDA:47,6,1,5
BRDA:47,6,2,5
BRDA:50,7,0,2
BRDA:51,8,0,5
BRDA:51,8,1,3
BRDA:51,8,2,3
BRDA:51,8,3,3
BRDA:57,9,0,2
BRDA:57,9,1,0
BRDA:59,10,0,6
BRDA:59,10,1,4
BRDA:59,10,2,4
BRF:25
BRH:19
end_of_record
TN:
SF:src/services/ai/validation.service.ts
FN:4,(anonymous_0)
FN:47,(anonymous_1)
FNF:2
FNH:2
FNDA:2,(anonymous_0)
FNDA:1,(anonymous_1)
DA:2,13
DA:4,13
DA:8,2
DA:11,2
DA:26,2
DA:27,14
DA:28,1
DA:34,1
DA:35,1
DA:36,1
DA:37,0
DA:41,1
DA:42,0
DA:46,1
DA:47,1
DA:50,1
DA:51,1
DA:52,1
DA:53,1
DA:54,1
DA:55,1
DA:56,1
DA:57,0
LF:23
LH:20
BRDA:27,0,0,1
BRDA:36,1,0,0
BRDA:36,2,0,1
BRDA:36,2,1,1
BRDA:41,3,0,0
BRDA:41,4,0,1
BRDA:41,4,1,1
BRDA:41,4,2,1
BRDA:46,5,0,1
BRDA:46,6,0,1
BRDA:46,6,1,1
BRDA:46,6,2,1
BRDA:51,7,0,1
BRDA:54,8,0,1
BRDA:56,9,0,0
BRF:15
BRH:12
end_of_record
TN:
SF:src/services/query/query-executor.service.ts
FN:19,(anonymous_1)
FN:24,(anonymous_2)
FN:48,(anonymous_3)
FN:54,(anonymous_4)
FN:57,(anonymous_5)
FN:63,(anonymous_6)
FN:64,(anonymous_7)
FN:66,(anonymous_8)
FN:67,(anonymous_9)
FN:74,(anonymous_10)
FN:75,(anonymous_11)
FN:79,(anonymous_12)
FN:85,(anonymous_13)
FN:108,(anonymous_14)
FN:144,(anonymous_15)
FN:173,(anonymous_16)
FN:174,(anonymous_17)
FN:176,(anonymous_18)
FN:181,(anonymous_19)
FN:201,(anonymous_20)
FN:202,(anonymous_21)
FN:224,(anonymous_22)
FN:234,(anonymous_23)
FN:236,(anonymous_24)
FN:253,(anonymous_25)
FN:265,(anonymous_26)
FNF:26
FNH:20
FNDA:1,(anonymous_1)
FNDA:1,(anonymous_2)
FNDA:1,(anonymous_3)
FNDA:3,(anonymous_4)
FNDA:1,(anonymous_5)
FNDA:3,(anonymous_6)
FNDA:3,(anonymous_7)
FNDA:1,(anonymous_8)
FNDA:1,(anonymous_9)
FNDA:3,(anonymous_10)
FNDA:9,(anonymous_11)
FNDA:1,(anonymous_12)
FNDA:1,(anonymous_13)
FNDA:0,(anonymous_14)
FNDA:0,(anonymous_15)
FNDA:0,(anonymous_16)
FNDA:0,(anonymous_17)
FNDA:0,(anonymous_18)
FNDA:0,(anonymous_19)
FNDA:1,(anonymous_20)
FNDA:1,(anonymous_21)
FNDA:1,(anonymous_22)
FNDA:2,(anonymous_23)
FNDA:6,(anonymous_24)
FNDA:1,(anonymous_25)
FNDA:1,(anonymous_26)
DA:1,14
DA:2,14
DA:3,14
DA:4,14
DA:5,14
DA:6,14
DA:7,14
DA:8,14
DA:10,14
DA:19,14
DA:24,1
DA:25,1
DA:26,1
DA:28,1
DA:29,0
DA:32,1
DA:33,1
DA:34,1
DA:35,1
DA:41,0
DA:44,1
DA:45,0
DA:48,1
DA:49,1
DA:50,0
DA:53,1
DA:54,3
DA:55,1
DA:57,1
DA:58,1
DA:59,0
DA:60,0
DA:63,3
DA:64,3
DA:66,1
DA:67,1
DA:68,1
DA:69,0
DA:70,0
DA:74,1
DA:75,9
DA:76,3
DA:79,1
DA:80,1
DA:81,0
DA:82,0
DA:85,1
DA:86,1
DA:87,1
DA:89,1
DA:90,0
DA:93,1
DA:94,1
DA:108,14
DA:109,0
DA:110,0
DA:118,0
DA:119,0
DA:120,0
DA:121,0
DA:124,0
DA:125,0
DA:127,0
DA:134,0
DA:136,0
DA:137,0
DA:139,0
DA:144,14
DA:145,0
DA:146,0
DA:147,0
DA:155,0
DA:156,0
DA:157,0
DA:159,0
DA:160,0
DA:162,0
DA:169,0
DA:173,14
DA:174,0
DA:175,0
DA:176,0
DA:177,0
DA:178,0
DA:181,0
DA:182,0
DA:183,0
DA:185,0
DA:186,0
DA:189,0
DA:190,0
DA:201,14
DA:202,1
DA:203,1
DA:204,1
DA:224,1
DA:225,1
DA:226,0
DA:227,0
DA:230,1
DA:231,1
DA:233,1
DA:234,1
DA:235,2
DA:236,2
DA:237,6
DA:239,2
DA:243,1
DA:244,1
DA:245,1
DA:253,1
DA:254,1
DA:255,0
DA:256,0
DA:258,1
DA:261,1
DA:265,14
DA:266,1
DA:268,0
DA:270,0
DA:272,0
DA:274,1
DA:276,0
LF:123
LH:69
BRDA:28,0,0,0
BRDA:44,1,0,0
BRDA:49,2,0,0
BRDA:58,3,0,0
BRDA:68,4,0,0
BRDA:80,5,0,0
BRDA:89,6,0,0
BRDA:93,7,0,1
BRDA:93,7,1,0
BRDA:111,8,0,0
BRDA:111,8,1,0
BRDA:112,9,0,0
BRDA:112,9,1,0
BRDA:113,10,0,0
BRDA:113,10,1,0
BRDA:114,11,0,0
BRDA:114,11,1,0
BRDA:124,12,0,0
BRDA:124,12,1,0
BRDA:124,13,0,0
BRDA:124,13,1,0
BRDA:124,14,0,0
BRDA:124,14,1,0
BRDA:125,15,0,0
BRDA:125,15,1,0
BRDA:148,16,0,0
BRDA:148,16,1,0
BRDA:149,17,0,0
BRDA:149,17,1,0
BRDA:150,18,0,0
BRDA:150,18,1,0
BRDA:151,19,0,0
BRDA:151,19,1,0
BRDA:159,20,0,0
BRDA:159,20,1,0
BRDA:160,21,0,0
BRDA:160,21,1,0
BRDA:177,22,0,0
BRDA:185,23,0,0
BRDA:189,24,0,0
BRDA:189,24,1,0
BRDA:205,25,0,1
BRDA:205,25,1,0
BRDA:209,26,0,1
BRDA:209,26,1,0
BRDA:210,27,0,1
BRDA:210,27,1,0
BRDA:214,28,0,1
BRDA:214,28,1,0
BRDA:225,29,0,0
BRDA:233,30,0,1
BRDA:243,31,0,1
BRDA:243,31,1,0
BRDA:254,32,0,0
BRDA:266,33,0,0
BRDA:266,33,1,0
BRDA:266,33,2,0
BRDA:266,33,3,1
BRDA:266,33,4,0
BRF:59
BRH:8
end_of_record
TN:
SF:src/utils/crypto.ts
FN:7,(anonymous_1)
FN:15,(anonymous_2)
FNF:2
FNH:2
FNDA:1,(anonymous_1)
FNDA:1,(anonymous_2)
DA:1,13
DA:2,13
DA:4,13
DA:5,13
DA:7,13
DA:8,1
DA:9,1
DA:10,1
DA:11,1
DA:12,1
DA:15,13
DA:16,1
DA:17,1
DA:18,0
DA:20,1
DA:21,1
DA:22,1
DA:23,1
DA:24,1
LF:19
LH:18
BRDA:17,0,0,0
BRDA:17,1,0,1
BRDA:17,1,1,1
BRF:3
BRH:2
end_of_record
TN:
SF:src/validators/auth.validator.ts
FNF:0
FNH:0
DA:1,13
DA:3,13
DA:9,13
DA:14,13
DA:19,13
DA:23,13
DA:27,13
DA:32,13
LF:8
LH:8
BRF:0
BRH:0
end_of_record
TN:
SF:src/validators/database.validator.ts
FNF:0
FNH:0
DA:1,13
DA:3,13
DA:12,13
DA:13,13
LF:4
LH:4
BRF:0
BRH:0
end_of_record
TN:
SF:src/validators/query.validator.ts
FN:7,(anonymous_0)
FN:16,(anonymous_1)
FNF:2
FNH:2
FNDA:6,(anonymous_0)
FNDA:2,(anonymous_1)
DA:1,13
DA:3,13
DA:7,6
DA:12,13
DA:16,2
LF:5
LH:5
BRDA:7,0,0,6
BRDA:7,0,1,0
BRDA:16,1,0,2
BRDA:16,1,1,0
BRF:4
BRH:2
end_of_record
